{"C:\\Users\\Stagiaire\\Desktop\\Projects\\Fil Rouge\\scifiprojet\\backend\\app.js": {"path":"C:\\Users\\Stagiaire\\Desktop\\Projects\\Fil Rouge\\scifiprojet\\backend\\app.js","statementMap":{"0":{"start":{"line":2,"column":16},"end":{"line":2,"column":34}},"1":{"start":{"line":3,"column":19},"end":{"line":3,"column":50}},"2":{"start":{"line":4,"column":12},"end":{"line":4,"column":21}},"3":{"start":{"line":7,"column":0},"end":{"line":7,"column":24}},"4":{"start":{"line":9,"column":0},"end":{"line":11,"column":3}},"5":{"start":{"line":10,"column":2},"end":{"line":10,"column":41}},"6":{"start":{"line":13,"column":0},"end":{"line":13,"column":28}},"7":{"start":{"line":15,"column":0},"end":{"line":15,"column":21}}},"fnMap":{"0":{"name":"(anonymous_0)","decl":{"start":{"line":9,"column":13},"end":{"line":9,"column":14}},"loc":{"start":{"line":9,"column":28},"end":{"line":11,"column":1}},"line":9}},"branchMap":{},"s":{"0":1,"1":1,"2":1,"3":1,"4":1,"5":0,"6":1,"7":1},"f":{"0":0},"b":{},"_coverageSchema":"1a1c01bbd47fc00a2c39e90264f33305004495a9","hash":"48e29d80a814fa7103b032e99478bf3b7173a63b"}
,"C:\\Users\\Stagiaire\\Desktop\\Projects\\Fil Rouge\\scifiprojet\\backend\\controllers\\auth.controller.js": {"path":"C:\\Users\\Stagiaire\\Desktop\\Projects\\Fil Rouge\\scifiprojet\\backend\\controllers\\auth.controller.js","statementMap":{"0":{"start":{"line":1,"column":11},"end":{"line":1,"column":34}},"1":{"start":{"line":2,"column":15},"end":{"line":2,"column":32}},"2":{"start":{"line":3,"column":12},"end":{"line":3,"column":35}},"3":{"start":{"line":5,"column":19},"end":{"line":5,"column":41}},"4":{"start":{"line":7,"column":14},"end":{"line":64,"column":1}},"5":{"start":{"line":8,"column":2},"end":{"line":63,"column":3}},"6":{"start":{"line":9,"column":32},"end":{"line":9,"column":40}},"7":{"start":{"line":12,"column":4},"end":{"line":14,"column":5}},"8":{"start":{"line":13,"column":6},"end":{"line":13,"column":83}},"9":{"start":{"line":17,"column":18},"end":{"line":17,"column":55}},"10":{"start":{"line":18,"column":4},"end":{"line":59,"column":7}},"11":{"start":{"line":19,"column":6},"end":{"line":22,"column":7}},"12":{"start":{"line":20,"column":8},"end":{"line":20,"column":54}},"13":{"start":{"line":21,"column":8},"end":{"line":21,"column":77}},"14":{"start":{"line":25,"column":6},"end":{"line":27,"column":7}},"15":{"start":{"line":26,"column":8},"end":{"line":26,"column":79}},"16":{"start":{"line":29,"column":19},"end":{"line":29,"column":29}},"17":{"start":{"line":32,"column":22},"end":{"line":32,"column":67}},"18":{"start":{"line":33,"column":6},"end":{"line":35,"column":7}},"19":{"start":{"line":34,"column":8},"end":{"line":34,"column":79}},"20":{"start":{"line":38,"column":20},"end":{"line":46,"column":7}},"21":{"start":{"line":49,"column":6},"end":{"line":58,"column":9}},"22":{"start":{"line":61,"column":4},"end":{"line":61,"column":49}},"23":{"start":{"line":62,"column":4},"end":{"line":62,"column":75}},"24":{"start":{"line":67,"column":15},"end":{"line":93,"column":1}},"25":{"start":{"line":68,"column":2},"end":{"line":92,"column":3}},"26":{"start":{"line":69,"column":42},"end":{"line":69,"column":50}},"27":{"start":{"line":72,"column":4},"end":{"line":74,"column":5}},"28":{"start":{"line":73,"column":6},"end":{"line":73,"column":75}},"29":{"start":{"line":77,"column":27},"end":{"line":77,"column":52}},"30":{"start":{"line":80,"column":18},"end":{"line":80,"column":82}},"31":{"start":{"line":81,"column":4},"end":{"line":88,"column":7}},"32":{"start":{"line":82,"column":6},"end":{"line":85,"column":7}},"33":{"start":{"line":83,"column":8},"end":{"line":83,"column":60}},"34":{"start":{"line":84,"column":8},"end":{"line":84,"column":68}},"35":{"start":{"line":87,"column":6},"end":{"line":87,"column":73}},"36":{"start":{"line":90,"column":4},"end":{"line":90,"column":50}},"37":{"start":{"line":91,"column":4},"end":{"line":91,"column":63}},"38":{"start":{"line":95,"column":0},"end":{"line":95,"column":35}}},"fnMap":{"0":{"name":"(anonymous_0)","decl":{"start":{"line":7,"column":14},"end":{"line":7,"column":15}},"loc":{"start":{"line":7,"column":28},"end":{"line":64,"column":1}},"line":7},"1":{"name":"(anonymous_1)","decl":{"start":{"line":18,"column":31},"end":{"line":18,"column":32}},"loc":{"start":{"line":18,"column":55},"end":{"line":59,"column":5}},"line":18},"2":{"name":"(anonymous_2)","decl":{"start":{"line":67,"column":15},"end":{"line":67,"column":16}},"loc":{"start":{"line":67,"column":29},"end":{"line":93,"column":1}},"line":67},"3":{"name":"(anonymous_3)","decl":{"start":{"line":81,"column":57},"end":{"line":81,"column":58}},"loc":{"start":{"line":81,"column":66},"end":{"line":88,"column":5}},"line":81}},"branchMap":{"0":{"loc":{"start":{"line":12,"column":4},"end":{"line":14,"column":5}},"type":"if","locations":[{"start":{"line":12,"column":4},"end":{"line":14,"column":5}},{"start":{},"end":{}}],"line":12},"1":{"loc":{"start":{"line":12,"column":8},"end":{"line":12,"column":27}},"type":"binary-expr","locations":[{"start":{"line":12,"column":8},"end":{"line":12,"column":14}},{"start":{"line":12,"column":18},"end":{"line":12,"column":27}}],"line":12},"2":{"loc":{"start":{"line":19,"column":6},"end":{"line":22,"column":7}},"type":"if","locations":[{"start":{"line":19,"column":6},"end":{"line":22,"column":7}},{"start":{},"end":{}}],"line":19},"3":{"loc":{"start":{"line":25,"column":6},"end":{"line":27,"column":7}},"type":"if","locations":[{"start":{"line":25,"column":6},"end":{"line":27,"column":7}},{"start":{},"end":{}}],"line":25},"4":{"loc":{"start":{"line":33,"column":6},"end":{"line":35,"column":7}},"type":"if","locations":[{"start":{"line":33,"column":6},"end":{"line":35,"column":7}},{"start":{},"end":{}}],"line":33},"5":{"loc":{"start":{"line":72,"column":4},"end":{"line":74,"column":5}},"type":"if","locations":[{"start":{"line":72,"column":4},"end":{"line":74,"column":5}},{"start":{},"end":{}}],"line":72},"6":{"loc":{"start":{"line":72,"column":8},"end":{"line":72,"column":40}},"type":"binary-expr","locations":[{"start":{"line":72,"column":8},"end":{"line":72,"column":17}},{"start":{"line":72,"column":21},"end":{"line":72,"column":27}},{"start":{"line":72,"column":31},"end":{"line":72,"column":40}}],"line":72},"7":{"loc":{"start":{"line":82,"column":6},"end":{"line":85,"column":7}},"type":"if","locations":[{"start":{"line":82,"column":6},"end":{"line":85,"column":7}},{"start":{},"end":{}}],"line":82}},"s":{"0":1,"1":1,"2":1,"3":1,"4":1,"5":4,"6":4,"7":4,"8":1,"9":3,"10":3,"11":3,"12":0,"13":0,"14":3,"15":1,"16":2,"17":2,"18":2,"19":1,"20":1,"21":1,"22":0,"23":0,"24":1,"25":0,"26":0,"27":0,"28":0,"29":0,"30":0,"31":0,"32":0,"33":0,"34":0,"35":0,"36":0,"37":0,"38":1},"f":{"0":4,"1":3,"2":0,"3":0},"b":{"0":[1,3],"1":[4,4],"2":[0,3],"3":[1,2],"4":[1,1],"5":[0,0],"6":[0,0,0],"7":[0,0]},"_coverageSchema":"1a1c01bbd47fc00a2c39e90264f33305004495a9","hash":"287b4433c4462c1fe48eaa86eefeb939259a5657"}
,"C:\\Users\\Stagiaire\\Desktop\\Projects\\Fil Rouge\\scifiprojet\\backend\\routes\\auth.routes.js": {"path":"C:\\Users\\Stagiaire\\Desktop\\Projects\\Fil Rouge\\scifiprojet\\backend\\routes\\auth.routes.js","statementMap":{"0":{"start":{"line":1,"column":16},"end":{"line":1,"column":34}},"1":{"start":{"line":2,"column":26},"end":{"line":2,"column":67}},"2":{"start":{"line":4,"column":15},"end":{"line":4,"column":31}},"3":{"start":{"line":7,"column":0},"end":{"line":7,"column":31}},"4":{"start":{"line":10,"column":0},"end":{"line":10,"column":29}},"5":{"start":{"line":12,"column":0},"end":{"line":12,"column":24}}},"fnMap":{},"branchMap":{},"s":{"0":1,"1":1,"2":1,"3":1,"4":1,"5":1},"f":{},"b":{},"_coverageSchema":"1a1c01bbd47fc00a2c39e90264f33305004495a9","hash":"15b87d330d3d7141af298df7a7767c78e5dd3239"}
}
