TN:
SF:app.js
FN:9,(anonymous_0)
FNF:1
FNH:0
FNDA:0,(anonymous_0)
DA:2,1
DA:3,1
DA:4,1
DA:7,1
DA:9,1
DA:10,0
DA:13,1
DA:15,1
LF:8
LH:7
BRF:0
BRH:0
end_of_record
TN:
SF:controllers\auth.controller.js
FN:7,(anonymous_0)
FN:18,(anonymous_1)
FN:67,(anonymous_2)
FN:81,(anonymous_3)
FNF:4
FNH:2
FNDA:4,(anonymous_0)
FNDA:3,(anonymous_1)
FNDA:0,(anonymous_2)
FNDA:0,(anonymous_3)
DA:1,1
DA:2,1
DA:3,1
DA:5,1
DA:7,1
DA:8,4
DA:9,4
DA:12,4
DA:13,1
DA:17,3
DA:18,3
DA:19,3
DA:20,0
DA:21,0
DA:25,3
DA:26,1
DA:29,2
DA:32,2
DA:33,2
DA:34,1
DA:38,1
DA:49,1
DA:61,0
DA:62,0
DA:67,1
DA:68,0
DA:69,0
DA:72,0
DA:73,0
DA:77,0
DA:80,0
DA:81,0
DA:82,0
DA:83,0
DA:84,0
DA:87,0
DA:90,0
DA:91,0
DA:95,1
LF:39
LH:22
BRDA:12,0,0,1
BRDA:12,0,1,3
BRDA:12,1,0,4
BRDA:12,1,1,4
BRDA:19,2,0,0
BRDA:19,2,1,3
BRDA:25,3,0,1
BRDA:25,3,1,2
BRDA:33,4,0,1
BRDA:33,4,1,1
BRDA:72,5,0,0
BRDA:72,5,1,0
BRDA:72,6,0,0
BRDA:72,6,1,0
BRDA:72,6,2,0
BRDA:82,7,0,0
BRDA:82,7,1,0
BRF:17
BRH:9
end_of_record
TN:
SF:routes\auth.routes.js
FNF:0
FNH:0
DA:1,1
DA:2,1
DA:4,1
DA:7,1
DA:10,1
DA:12,1
LF:6
LH:6
BRF:0
BRH:0
end_of_record
